[2026-02-25T19:17:01Z] backup start
[main cafdfe3] Auto-backup snapshot 2026-02-25T19-17-01Z
 6 files changed, 35 insertions(+), 3 deletions(-)
 create mode 100644 logs/backups/2026-02-25T19-17-01Z.log
 create mode 100644 logs/backups/workspace-backup-2026-02-25T18-17-01Z.tar.gz
To https://github.com/Finitolombardo/Nox.git
   0ad3beb..cafdfe3  main -> main
git push ok
archive created: /home/agentadmin/.openclaw/workspace/logs/backups/workspace-backup-2026-02-25T19-17-01Z.tar.gz
No auth for drive admin@alphamindhub.com.

OAuth (browser flow):
  gog auth add admin@alphamindhub.com --services drive

Workspace service account (domain-wide delegation):
  gog auth service-account set admin@alphamindhub.com --key <service-account.json>
No auth for drive admin@alphamindhub.com.

OAuth (browser flow):
  gog auth add admin@alphamindhub.com --services drive

Workspace service account (domain-wide delegation):
  gog auth service-account set admin@alphamindhub.com --key <service-account.json>
No auth for drive admin@alphamindhub.com.

OAuth (browser flow):
  gog auth add admin@alphamindhub.com --services drive

Workspace service account (domain-wide delegation):
  gog auth service-account set admin@alphamindhub.com --key <service-account.json>
