[2026-03-06T23:17:01Z] backup start
[main afb5b13] Auto-backup snapshot 2026-03-06T23-17-01Z
 26 files changed, 1436 insertions(+), 3 deletions(-)
 create mode 100644 .mission-control/archive/google-places-website-verkaufen-2ba09df6-mmfiggw9.result.json
 create mode 100644 .mission-control/archive/google-places-website-verkaufen-2ba09df6-mmfiggw9.result.md
 create mode 100644 .mission-control/archive/google-places-website-verkaufen-2ba09df6-mmfihyw7.input.json
 create mode 100644 .mission-control/archive/google-places-website-verkaufen-2ba09df6-mmfihyw7.input.md
 create mode 100644 .mission-control/archive/google-places-website-verkaufen-2ba09df6-mmfihyw7.result.json
 create mode 100644 .mission-control/archive/google-places-website-verkaufen-2ba09df6-mmfihyw7.result.md
 create mode 100644 .mission-control/archive/untitled-31b09df6-mmfikfh2.input.json
 create mode 100644 .mission-control/archive/untitled-31b09df6-mmfikfh2.input.md
 create mode 100644 .mission-control/archive/untitled-31b09df6-mmfikfh2.result.json
 create mode 100644 .mission-control/archive/untitled-31b09df6-mmfikfh2.result.md
 create mode 100644 .mission-control/dispatch/quest-upwork-projekte-updaten-2ed09df6.json
 create mode 100644 .mission-control/dispatch/quest-upwork-projekte-updaten-2ed09df6.md
 create mode 100644 .mission-control/hold/quest-bolt-verbinden-mission-control-dashboard-polish-31b09df6.json
 create mode 100644 .mission-control/hold/quest-bolt-verbinden-mission-control-dashboard-polish-31b09df6.md
 create mode 100644 .mission-control/state/2ba09df6-e88e-80e7-8cd9-cfb4da1afb72.json
 create mode 100644 .mission-control/state/2ed09df6-e88e-802d-971c-e3dfc9eaaf08.json
 create mode 100644 .mission-control/state/2ed09df6-e88e-802d-971c-e3dfc9eaaf08.lock
 create mode 100644 .mission-control/state/31b09df6-e88e-80e5-bd14-c731110309db.json
 create mode 100644 .mission-control/state/31b09df6-e88e-818d-b23d-f96f54f8f78f.json
 create mode 100644 .mission-control/state/31b09df6-e88e-81a6-bf60-d53d078fae96.json
 create mode 100644 logs/backups/2026-03-06T23-17-01Z.log
 create mode 100644 logs/backups/workspace-backup-2026-03-06T22-17-01Z.tar.gz
To https://github.com/Finitolombardo/Nox.git
   2014618..afb5b13  main -> main
git push ok
archive created: /home/agentadmin/.openclaw/workspace/logs/backups/workspace-backup-2026-03-06T23-17-01Z.tar.gz
drive options: token source: get token for admin@alphamindhub.com: read token: aes.KeyUnwrap(): integrity check failed.
drive options: token source: get token for admin@alphamindhub.com: read token: aes.KeyUnwrap(): integrity check failed.
drive options: token source: get token for admin@alphamindhub.com: read token: aes.KeyUnwrap(): integrity check failed.
