[2026-02-24T10:44:49Z] backup start
[main 713a08a] Auto-backup snapshot 2026-02-24T10-44-49Z
 446 files changed, 53489 insertions(+)
 create mode 100644 .clawhub/lock.json
 create mode 100644 .openclaw/workspace-state.json
 create mode 100644 AGENTS.md
 create mode 100644 BOOTSTRAP.md
 create mode 100644 DASHBOARD.md
 create mode 100644 IDENTITY.md
 create mode 100644 INFRA_PINNED.md
 create mode 100644 MEMORY.md
 create mode 100644 NOTION.md
 create mode 100644 PB-notion-dedup-by-title.md
 create mode 100644 PB-server-health-snapshot.md
 create mode 100644 PB-zombie-process-triage.md
 create mode 100644 TASKS.md
 create mode 100644 TOOLS.md
 create mode 100644 USER.md
 create mode 100644 approval_gate.js
 create mode 100644 heartbeat/LESSONS_LEARNED.md
 create mode 100644 heartbeat/README.md
 create mode 100644 heartbeat/heartbeat.sh
 create mode 100644 heartbeat/heartbeat_state.json
 create mode 100644 home/agentadmin/.openclaw/workspace/MEMORY.md
 create mode 100644 logs/backups/2026-02-24T10-44-49Z.log
 create mode 100644 logs/cost-tracker/index.jsonl
 create mode 100644 logs/cost-tracker/latest.json
 create mode 100644 mail.txt
 create mode 100644 memory/2026-02-20.md
 create mode 100644 memory/2026-02-22.md
 create mode 100644 memory/PB-notion-dedup-by-title.md
 create mode 100644 memory/Vault/PB-notion-dedup-by-title.md
 create mode 100644 memory/YYYY-MM-DD.md
 create mode 120000 memory/config-known-good
 create mode 120000 memory/decisions
 create mode 120000 memory/facts
 create mode 120000 memory/incidents
 create mode 120000 memory/playbooks
 create mode 100644 memory/staging/PB-notion-dedup-by-title.md
 create mode 100644 memory_system/README.md
 create mode 100755 memory_system/add_note.sh
 create mode 100644 memory_system/memory.db
 create mode 100755 memory_system/retrieve.sh
 create mode 100755 memory_system/verify.sh
 create mode 100644 node_modules/.package-lock.json
 create mode 100644 node_modules/asynckit/LICENSE
 create mode 100644 node_modules/asynckit/README.md
 create mode 100644 node_modules/asynckit/bench.js
 create mode 100644 node_modules/asynckit/index.js
 create mode 100644 node_modules/asynckit/lib/abort.js
 create mode 100644 node_modules/asynckit/lib/async.js
 create mode 100644 node_modules/asynckit/lib/defer.js
 create mode 100644 node_modules/asynckit/lib/iterate.js
 create mode 100644 node_modules/asynckit/lib/readable_asynckit.js
 create mode 100644 node_modules/asynckit/lib/readable_parallel.js
 create mode 100644 node_modules/asynckit/lib/readable_serial.js
 create mode 100644 node_modules/asynckit/lib/readable_serial_ordered.js
 create mode 100644 node_modules/asynckit/lib/state.js
 create mode 100644 node_modules/asynckit/lib/streamify.js
 create mode 100644 node_modules/asynckit/lib/terminator.js
 create mode 100644 node_modules/asynckit/package.json
 create mode 100644 node_modules/asynckit/parallel.js
 create mode 100644 node_modules/asynckit/serial.js
 create mode 100644 node_modules/asynckit/serialOrdered.js
 create mode 100644 node_modules/asynckit/stream.js
 create mode 100644 node_modules/axios/CHANGELOG.md
 create mode 100644 node_modules/axios/LICENSE
 create mode 100644 node_modules/axios/MIGRATION_GUIDE.md
 create mode 100644 node_modules/axios/README.md
 create mode 100644 node_modules/axios/dist/axios.js
 create mode 100644 node_modules/axios/dist/axios.js.map
 create mode 100644 node_modules/axios/dist/axios.min.js
 create mode 100644 node_modules/axios/dist/axios.min.js.map
 create mode 100644 node_modules/axios/dist/browser/axios.cjs
 create mode 100644 node_modules/axios/dist/browser/axios.cjs.map
 create mode 100644 node_modules/axios/dist/esm/axios.js
 create mode 100644 node_modules/axios/dist/esm/axios.js.map
 create mode 100644 node_modules/axios/dist/esm/axios.min.js
 create mode 100644 node_modules/axios/dist/esm/axios.min.js.map
 create mode 100644 node_modules/axios/dist/node/axios.cjs
 create mode 100644 node_modules/axios/dist/node/axios.cjs.map
 create mode 100644 node_modules/axios/index.d.cts
 create mode 100644 node_modules/axios/index.d.ts
 create mode 100644 node_modules/axios/index.js
 create mode 100644 node_modules/axios/lib/adapters/README.md
 create mode 100644 node_modules/axios/lib/adapters/adapters.js
 create mode 100644 node_modules/axios/lib/adapters/fetch.js
 create mode 100755 node_modules/axios/lib/adapters/http.js
 create mode 100644 node_modules/axios/lib/adapters/xhr.js
 create mode 100644 node_modules/axios/lib/axios.js
 create mode 100644 node_modules/axios/lib/cancel/CancelToken.js
 create mode 100644 node_modules/axios/lib/cancel/CanceledError.js
 create mode 100644 node_modules/axios/lib/cancel/isCancel.js
 create mode 100644 node_modules/axios/lib/core/Axios.js
 create mode 100644 node_modules/axios/lib/core/AxiosError.js
 create mode 100644 node_modules/axios/lib/core/AxiosHeaders.js
 create mode 100644 node_modules/axios/lib/core/InterceptorManager.js
 create mode 100644 node_modules/axios/lib/core/README.md
 create mode 100644 node_modules/axios/lib/core/buildFullPath.js
 create mode 100644 node_modules/axios/lib/core/dispatchRequest.js
 create mode 100644 node_modules/axios/lib/core/mergeConfig.js
 create mode 100644 node_modules/axios/lib/core/settle.js
 create mode 100644 node_modules/axios/lib/core/transformData.js
 create mode 100644 node_modules/axios/lib/defaults/index.js
 create mode 100644 node_modules/axios/lib/defaults/transitional.js
 create mode 100644 node_modules/axios/lib/env/README.md
 create mode 100644 node_modules/axios/lib/env/classes/FormData.js
 create mode 100644 node_modules/axios/lib/env/data.js
 create mode 100644 node_modules/axios/lib/helpers/AxiosTransformStream.js
 create mode 100644 node_modules/axios/lib/helpers/AxiosURLSearchParams.js
 create mode 100644 node_modules/axios/lib/helpers/HttpStatusCode.js
 create mode 100644 node_modules/axios/lib/helpers/README.md
 create mode 100644 node_modules/axios/lib/helpers/ZlibHeaderTransformStream.js
 create mode 100644 node_modules/axios/lib/helpers/bind.js
 create mode 100644 node_modules/axios/lib/helpers/buildURL.js
 create mode 100644 node_modules/axios/lib/helpers/callbackify.js
 create mode 100644 node_modules/axios/lib/helpers/combineURLs.js
 create mode 100644 node_modules/axios/lib/helpers/composeSignals.js
 create mode 100644 node_modules/axios/lib/helpers/cookies.js
 create mode 100644 node_modules/axios/lib/helpers/deprecatedMethod.js
 create mode 100644 node_modules/axios/lib/helpers/estimateDataURLDecodedBytes.js
 create mode 100644 node_modules/axios/lib/helpers/formDataToJSON.js
 create mode 100644 node_modules/axios/lib/helpers/formDataToStream.js
 create mode 100644 node_modules/axios/lib/helpers/fromDataURI.js
 create mode 100644 node_modules/axios/lib/helpers/isAbsoluteURL.js
 create mode 100644 node_modules/axios/lib/helpers/isAxiosError.js
 create mode 100644 node_modules/axios/lib/helpers/isURLSameOrigin.js
 create mode 100644 node_modules/axios/lib/helpers/null.js
 create mode 100644 node_modules/axios/lib/helpers/parseHeaders.js
 create mode 100644 node_modules/axios/lib/helpers/parseProtocol.js
 create mode 100644 node_modules/axios/lib/helpers/progressEventReducer.js
 create mode 100644 node_modules/axios/lib/helpers/readBlob.js
 create mode 100644 node_modules/axios/lib/helpers/resolveConfig.js
 create mode 100644 node_modules/axios/lib/helpers/speedometer.js
 create mode 100644 node_modules/axios/lib/helpers/spread.js
 create mode 100644 node_modules/axios/lib/helpers/throttle.js
 create mode 100644 node_modules/axios/lib/helpers/toFormData.js
 create mode 100644 node_modules/axios/lib/helpers/toURLEncodedForm.js
 create mode 100644 node_modules/axios/lib/helpers/trackStream.js
 create mode 100644 node_modules/axios/lib/helpers/validator.js
 create mode 100644 node_modules/axios/lib/platform/browser/classes/Blob.js
 create mode 100644 node_modules/axios/lib/platform/browser/classes/FormData.js
 create mode 100644 node_modules/axios/lib/platform/browser/classes/URLSearchParams.js
 create mode 100644 node_modules/axios/lib/platform/browser/index.js
 create mode 100644 node_modules/axios/lib/platform/common/utils.js
 create mode 100644 node_modules/axios/lib/platform/index.js
 create mode 100644 node_modules/axios/lib/platform/node/classes/FormData.js
 create mode 100644 node_modules/axios/lib/platform/node/classes/URLSearchParams.js
 create mode 100644 node_modules/axios/lib/platform/node/index.js
 create mode 100644 node_modules/axios/lib/utils.js
 create mode 100644 node_modules/axios/package.json
 create mode 100644 node_modules/call-bind-apply-helpers/.eslintrc
 create mode 100644 node_modules/call-bind-apply-helpers/.github/FUNDING.yml
 create mode 100644 node_modules/call-bind-apply-helpers/.nycrc
 create mode 100644 node_modules/call-bind-apply-helpers/CHANGELOG.md
 create mode 100644 node_modules/call-bind-apply-helpers/LICENSE
 create mode 100644 node_modules/call-bind-apply-helpers/README.md
 create mode 100644 node_modules/call-bind-apply-helpers/actualApply.d.ts
 create mode 100644 node_modules/call-bind-apply-helpers/actualApply.js
 create mode 100644 node_modules/call-bind-apply-helpers/applyBind.d.ts
 create mode 100644 node_modules/call-bind-apply-helpers/applyBind.js
 create mode 100644 node_modules/call-bind-apply-helpers/functionApply.d.ts
 create mode 100644 node_modules/call-bind-apply-helpers/functionApply.js
 create mode 100644 node_modules/call-bind-apply-helpers/functionCall.d.ts
 create mode 100644 node_modules/call-bind-apply-helpers/functionCall.js
 create mode 100644 node_modules/call-bind-apply-helpers/index.d.ts
 create mode 100644 node_modules/call-bind-apply-helpers/index.js
 create mode 100644 node_modules/call-bind-apply-helpers/package.json
 create mode 100644 node_modules/call-bind-apply-helpers/reflectApply.d.ts
 create mode 100644 node_modules/call-bind-apply-helpers/reflectApply.js
 create mode 100644 node_modules/call-bind-apply-helpers/test/index.js
 create mode 100644 node_modules/call-bind-apply-helpers/tsconfig.json
 create mode 100644 node_modules/combined-stream/License
 create mode 100644 node_modules/combined-stream/Readme.md
 create mode 100644 node_modules/combined-stream/lib/combined_stream.js
 create mode 100644 node_modules/combined-stream/package.json
 create mode 100644 node_modules/combined-stream/yarn.lock
 create mode 100644 node_modules/delayed-stream/.npmignore
 create mode 100644 node_modules/delayed-stream/License
 create mode 100644 node_modules/delayed-stream/Makefile
 create mode 100644 node_modules/delayed-stream/Readme.md
 create mode 100644 node_modules/delayed-stream/lib/delayed_stream.js
 create mode 100644 node_modules/delayed-stream/package.json
 create mode 100644 node_modules/dunder-proto/.eslintrc
 create mode 100644 node_modules/dunder-proto/.github/FUNDING.yml
 create mode 100644 node_modules/dunder-proto/.nycrc
 create mode 100644 node_modules/dunder-proto/CHANGELOG.md
 create mode 100644 node_modules/dunder-proto/LICENSE
 create mode 100644 node_modules/dunder-proto/README.md
 create mode 100644 node_modules/dunder-proto/get.d.ts
 create mode 100644 node_modules/dunder-proto/get.js
 create mode 100644 node_modules/dunder-proto/package.json
 create mode 100644 node_modules/dunder-proto/set.d.ts
 create mode 100644 node_modules/dunder-proto/set.js
 create mode 100644 node_modules/dunder-proto/test/get.js
 create mode 100644 node_modules/dunder-proto/test/index.js
 create mode 100644 node_modules/dunder-proto/test/set.js
 create mode 100644 node_modules/dunder-proto/tsconfig.json
 create mode 100644 node_modules/es-define-property/.eslintrc
 create mode 100644 node_modules/es-define-property/.github/FUNDING.yml
 create mode 100644 node_modules/es-define-property/.nycrc
 create mode 100644 node_modules/es-define-property/CHANGELOG.md
 create mode 100644 node_modules/es-define-property/LICENSE
 create mode 100644 node_modules/es-define-property/README.md
 create mode 100644 node_modules/es-define-property/index.d.ts
 create mode 100644 node_modules/es-define-property/index.js
 create mode 100644 node_modules/es-define-property/package.json
 create mode 100644 node_modules/es-define-property/test/index.js
 create mode 100644 node_modules/es-define-property/tsconfig.json
 create mode 100644 node_modules/es-errors/.eslintrc
 create mode 100644 node_modules/es-errors/.github/FUNDING.yml
 create mode 100644 node_modules/es-errors/CHANGELOG.md
 create mode 100644 node_modules/es-errors/LICENSE
 create mode 100644 node_modules/es-errors/README.md
 create mode 100644 node_modules/es-errors/eval.d.ts
 create mode 100644 node_modules/es-errors/eval.js
 create mode 100644 node_modules/es-errors/index.d.ts
 create mode 100644 node_modules/es-errors/index.js
 create mode 100644 node_modules/es-errors/package.json
 create mode 100644 node_modules/es-errors/range.d.ts
 create mode 100644 node_modules/es-errors/range.js
 create mode 100644 node_modules/es-errors/ref.d.ts
 create mode 100644 node_modules/es-errors/ref.js
 create mode 100644 node_modules/es-errors/syntax.d.ts
 create mode 100644 node_modules/es-errors/syntax.js
 create mode 100644 node_modules/es-errors/test/index.js
 create mode 100644 node_modules/es-errors/tsconfig.json
 create mode 100644 node_modules/es-errors/type.d.ts
 create mode 100644 node_modules/es-errors/type.js
 create mode 100644 node_modules/es-errors/uri.d.ts
 create mode 100644 node_modules/es-errors/uri.js
 create mode 100644 node_modules/es-object-atoms/.eslintrc
 create mode 100644 node_modules/es-object-atoms/.github/FUNDING.yml
 create mode 100644 node_modules/es-object-atoms/CHANGELOG.md
 create mode 100644 node_modules/es-object-atoms/LICENSE
 create mode 100644 node_modules/es-object-atoms/README.md
 create mode 100644 node_modules/es-object-atoms/RequireObjectCoercible.d.ts
 create mode 100644 node_modules/es-object-atoms/RequireObjectCoercible.js
 create mode 100644 node_modules/es-object-atoms/ToObject.d.ts
 create mode 100644 node_modules/es-object-atoms/ToObject.js
 create mode 100644 node_modules/es-object-atoms/index.d.ts
 create mode 100644 node_modules/es-object-atoms/index.js
 create mode 100644 node_modules/es-object-atoms/isObject.d.ts
 create mode 100644 node_modules/es-object-atoms/isObject.js
 create mode 100644 node_modules/es-object-atoms/package.json
 create mode 100644 node_modules/es-object-atoms/test/index.js
 create mode 100644 node_modules/es-object-atoms/tsconfig.json
 create mode 100644 node_modules/es-set-tostringtag/.eslintrc
 create mode 100644 node_modules/es-set-tostringtag/.nycrc
 create mode 100644 node_modules/es-set-tostringtag/CHANGELOG.md
 create mode 100644 node_modules/es-set-tostringtag/LICENSE
 create mode 100644 node_modules/es-set-tostringtag/README.md
 create mode 100644 node_modules/es-set-tostringtag/index.d.ts
 create mode 100644 node_modules/es-set-tostringtag/index.js
 create mode 100644 node_modules/es-set-tostringtag/package.json
 create mode 100644 node_modules/es-set-tostringtag/test/index.js
 create mode 100644 node_modules/es-set-tostringtag/tsconfig.json
 create mode 100644 node_modules/follow-redirects/LICENSE
 create mode 100644 node_modules/follow-redirects/README.md
 create mode 100644 node_modules/follow-redirects/debug.js
 create mode 100644 node_modules/follow-redirects/http.js
 create mode 100644 node_modules/follow-redirects/https.js
 create mode 100644 node_modules/follow-redirects/index.js
 create mode 100644 node_modules/follow-redirects/package.json
 create mode 100644 node_modules/form-data/CHANGELOG.md
 create mode 100644 node_modules/form-data/License
 create mode 100644 node_modules/form-data/README.md
 create mode 100644 node_modules/form-data/index.d.ts
 create mode 100644 node_modules/form-data/lib/browser.js
 create mode 100644 node_modules/form-data/lib/form_data.js
 create mode 100644 node_modules/form-data/lib/populate.js
 create mode 100644 node_modules/form-data/package.json
 create mode 100644 node_modules/function-bind/.eslintrc
 create mode 100644 node_modules/function-bind/.github/FUNDING.yml
 create mode 100644 node_modules/function-bind/.github/SECURITY.md
 create mode 100644 node_modules/function-bind/.nycrc
 create mode 100644 node_modules/function-bind/CHANGELOG.md
 create mode 100644 node_modules/function-bind/LICENSE
 create mode 100644 node_modules/function-bind/README.md
 create mode 100644 node_modules/function-bind/implementation.js
 create mode 100644 node_modules/function-bind/index.js
 create mode 100644 node_modules/function-bind/package.json
 create mode 100644 node_modules/function-bind/test/.eslintrc
 create mode 100644 node_modules/function-bind/test/index.js
 create mode 100644 node_modules/get-intrinsic/.eslintrc
 create mode 100644 node_modules/get-intrinsic/.github/FUNDING.yml
 create mode 100644 node_modules/get-intrinsic/.nycrc
 create mode 100644 node_modules/get-intrinsic/CHANGELOG.md
 create mode 100644 node_modules/get-intrinsic/LICENSE
 create mode 100644 node_modules/get-intrinsic/README.md
 create mode 100644 node_modules/get-intrinsic/index.js
 create mode 100644 node_modules/get-intrinsic/package.json
 create mode 100644 node_modules/get-intrinsic/test/GetIntrinsic.js
 create mode 100644 node_modules/get-proto/.eslintrc
 create mode 100644 node_modules/get-proto/.github/FUNDING.yml
 create mode 100644 node_modules/get-proto/.nycrc
 create mode 100644 node_modules/get-proto/CHANGELOG.md
 create mode 100644 node_modules/get-proto/LICENSE
 create mode 100644 node_modules/get-proto/Object.getPrototypeOf.d.ts
 create mode 100644 node_modules/get-proto/Object.getPrototypeOf.js
 create mode 100644 node_modules/get-proto/README.md
 create mode 100644 node_modules/get-proto/Reflect.getPrototypeOf.d.ts
 create mode 100644 node_modules/get-proto/Reflect.getPrototypeOf.js
 create mode 100644 node_modules/get-proto/index.d.ts
 create mode 100644 node_modules/get-proto/index.js
 create mode 100644 node_modules/get-proto/package.json
 create mode 100644 node_modules/get-proto/test/index.js
 create mode 100644 node_modules/get-proto/tsconfig.json
 create mode 100644 node_modules/gopd/.eslintrc
 create mode 100644 node_modules/gopd/.github/FUNDING.yml
 create mode 100644 node_modules/gopd/CHANGELOG.md
 create mode 100644 node_modules/gopd/LICENSE
 create mode 100644 node_modules/gopd/README.md
 create mode 100644 node_modules/gopd/gOPD.d.ts
 create mode 100644 node_modules/gopd/gOPD.js
 create mode 100644 node_modules/gopd/index.d.ts
 create mode 100644 node_modules/gopd/index.js
 create mode 100644 node_modules/gopd/package.json
 create mode 100644 node_modules/gopd/test/index.js
 create mode 100644 node_modules/gopd/tsconfig.json
 create mode 100644 node_modules/has-symbols/.eslintrc
 create mode 100644 node_modules/has-symbols/.github/FUNDING.yml
 create mode 100644 node_modules/has-symbols/.nycrc
 create mode 100644 node_modules/has-symbols/CHANGELOG.md
 create mode 100644 node_modules/has-symbols/LICENSE
 create mode 100644 node_modules/has-symbols/README.md
 create mode 100644 node_modules/has-symbols/index.d.ts
 create mode 100644 node_modules/has-symbols/index.js
 create mode 100644 node_modules/has-symbols/package.json
 create mode 100644 node_modules/has-symbols/shams.d.ts
 create mode 100644 node_modules/has-symbols/shams.js
 create mode 100644 node_modules/has-symbols/test/index.js
 create mode 100644 node_modules/has-symbols/test/shams/core-js.js
 create mode 100644 node_modules/has-symbols/test/shams/get-own-property-symbols.js
 create mode 100644 node_modules/has-symbols/test/tests.js
 create mode 100644 node_modules/has-symbols/tsconfig.json
 create mode 100644 node_modules/has-tostringtag/.eslintrc
 create mode 100644 node_modules/has-tostringtag/.github/FUNDING.yml
 create mode 100644 node_modules/has-tostringtag/.nycrc
 create mode 100644 node_modules/has-tostringtag/CHANGELOG.md
 create mode 100644 node_modules/has-tostringtag/LICENSE
 create mode 100644 node_modules/has-tostringtag/README.md
 create mode 100644 node_modules/has-tostringtag/index.d.ts
 create mode 100644 node_modules/has-tostringtag/index.js
 create mode 100644 node_modules/has-tostringtag/package.json
 create mode 100644 node_modules/has-tostringtag/shams.d.ts
 create mode 100644 node_modules/has-tostringtag/shams.js
 create mode 100644 node_modules/has-tostringtag/test/index.js
 create mode 100644 node_modules/has-tostringtag/test/shams/core-js.js
 create mode 100644 node_modules/has-tostringtag/test/shams/get-own-property-symbols.js
 create mode 100644 node_modules/has-tostringtag/test/tests.js
 create mode 100644 node_modules/has-tostringtag/tsconfig.json
 create mode 100644 node_modules/hasown/.eslintrc
 create mode 100644 node_modules/hasown/.github/FUNDING.yml
 create mode 100644 node_modules/hasown/.nycrc
 create mode 100644 node_modules/hasown/CHANGELOG.md
 create mode 100644 node_modules/hasown/LICENSE
 create mode 100644 node_modules/hasown/README.md
 create mode 100644 node_modules/hasown/index.d.ts
 create mode 100644 node_modules/hasown/index.js
 create mode 100644 node_modules/hasown/package.json
 create mode 100644 node_modules/hasown/tsconfig.json
 create mode 100644 node_modules/math-intrinsics/.eslintrc
 create mode 100644 node_modules/math-intrinsics/.github/FUNDING.yml
 create mode 100644 node_modules/math-intrinsics/CHANGELOG.md
 create mode 100644 node_modules/math-intrinsics/LICENSE
 create mode 100644 node_modules/math-intrinsics/README.md
 create mode 100644 node_modules/math-intrinsics/abs.d.ts
 create mode 100644 node_modules/math-intrinsics/abs.js
 create mode 100644 node_modules/math-intrinsics/constants/maxArrayLength.d.ts
 create mode 100644 node_modules/math-intrinsics/constants/maxArrayLength.js
 create mode 100644 node_modules/math-intrinsics/constants/maxSafeInteger.d.ts
 create mode 100644 node_modules/math-intrinsics/constants/maxSafeInteger.js
 create mode 100644 node_modules/math-intrinsics/constants/maxValue.d.ts
 create mode 100644 node_modules/math-intrinsics/constants/maxValue.js
 create mode 100644 node_modules/math-intrinsics/floor.d.ts
 create mode 100644 node_modules/math-intrinsics/floor.js
 create mode 100644 node_modules/math-intrinsics/isFinite.d.ts
 create mode 100644 node_modules/math-intrinsics/isFinite.js
 create mode 100644 node_modules/math-intrinsics/isInteger.d.ts
 create mode 100644 node_modules/math-intrinsics/isInteger.js
 create mode 100644 node_modules/math-intrinsics/isNaN.d.ts
 create mode 100644 node_modules/math-intrinsics/isNaN.js
 create mode 100644 node_modules/math-intrinsics/isNegativeZero.d.ts
 create mode 100644 node_modules/math-intrinsics/isNegativeZero.js
 create mode 100644 node_modules/math-intrinsics/max.d.ts
 create mode 100644 node_modules/math-intrinsics/max.js
 create mode 100644 node_modules/math-intrinsics/min.d.ts
 create mode 100644 node_modules/math-intrinsics/min.js
 create mode 100644 node_modules/math-intrinsics/mod.d.ts
 create mode 100644 node_modules/math-intrinsics/mod.js
 create mode 100644 node_modules/math-intrinsics/package.json
 create mode 100644 node_modules/math-intrinsics/pow.d.ts
 create mode 100644 node_modules/math-intrinsics/pow.js
 create mode 100644 node_modules/math-intrinsics/round.d.ts
 create mode 100644 node_modules/math-intrinsics/round.js
 create mode 100644 node_modules/math-intrinsics/sign.d.ts
 create mode 100644 node_modules/math-intrinsics/sign.js
 create mode 100644 node_modules/math-intrinsics/test/index.js
 create mode 100644 node_modules/math-intrinsics/tsconfig.json
 create mode 100644 node_modules/mime-db/HISTORY.md
 create mode 100644 node_modules/mime-db/LICENSE
 create mode 100644 node_modules/mime-db/README.md
 create mode 100644 node_modules/mime-db/db.json
 create mode 100644 node_modules/mime-db/index.js
 create mode 100644 node_modules/mime-db/package.json
 create mode 100644 node_modules/mime-types/HISTORY.md
 create mode 100644 node_modules/mime-types/LICENSE
 create mode 100644 node_modules/mime-types/README.md
 create mode 100644 node_modules/mime-types/index.js
 create mode 100644 node_modules/mime-types/package.json
 create mode 100644 node_modules/notion/.npmignore
 create mode 100644 node_modules/notion/README.md
 create mode 100644 node_modules/notion/lib/crypt.js
 create mode 100644 node_modules/notion/lib/index.js
 create mode 100644 node_modules/notion/package.json
 create mode 100644 node_modules/proxy-from-env/.eslintrc
 create mode 100644 node_modules/proxy-from-env/.travis.yml
 create mode 100644 node_modules/proxy-from-env/LICENSE
 create mode 100644 node_modules/proxy-from-env/README.md
 create mode 100644 node_modules/proxy-from-env/index.js
 create mode 100644 node_modules/proxy-from-env/package.json
 create mode 100644 node_modules/proxy-from-env/test.js
 create mode 100644 nox_document.docx
 create mode 100644 nox_document.txt
 create mode 100644 package-lock.json
 create mode 100644 package.json
 create mode 100644 playbooks/PB-error-validation.md
 create mode 100644 playbooks/PB-notion-dedup-by-title.md
 create mode 100644 questboard/index.html
 create mode 100644 questboard/quests.json
 create mode 100644 questboard/quests.json.lock
 create mode 100644 questboard/quests_create.ts
 create mode 100644 questboard/server.py
 create mode 100644 redaction_function.js
 create mode 100755 scripts/backup-pipeline.sh
 create mode 100644 self_introspection_report.md
 create mode 100644 skills/gog/.clawhub/origin.json
 create mode 100644 skills/gog/SKILL.md
 create mode 100644 skills/gog/_meta.json
 create mode 100644 skills/memory_retriever/README.md
 create mode 100755 skills/memory_retriever/run.sh
 create mode 100755 skills/memory_saver/run.sh
 create mode 100755 skills/quest_runner/run.sh
 create mode 100755 skills/quest_runner/update_index.sh
 create mode 100644 tasks.md
 create mode 100644 telegram_auto_reply.js
 create mode 100644 telegram_config.json
 create mode 100644 telegram_pipeline.js
To https://github.com/Finitolombardo/Nox.git
   33e7921..713a08a  main -> main
git push ok
archive created: /home/agentadmin/.openclaw/workspace/logs/backups/workspace-backup-2026-02-24T10-44-49Z.tar.gz
drive upload ok (folder: 1TxnvvfGRzAuaYyTgOBeLXms80_bfOL6Q)
[2026-02-24T10:44:54Z] backup success
