[2026-02-26T16:17:01Z] backup start
[main f4a7885] Auto-backup snapshot 2026-02-26T16-17-01Z
 590 files changed, 16 insertions(+), 3 deletions(-)
 mode change 100644 => 100755 .alerts/verzettelung.disabled
 mode change 100644 => 100755 .clawhub/lock.json
 mode change 100644 => 100755 .openclaw/workspace-state.json
 mode change 100644 => 100755 AGENTS.md
 mode change 100644 => 100755 BOOTSTRAP.md
 mode change 100644 => 100755 ClawWork-Monetization-Plan.md
 mode change 100644 => 100755 DASHBOARD.md
 mode change 100644 => 100755 HEARTBEAT.md
 mode change 100644 => 100755 IDENTITY.md
 mode change 100644 => 100755 INFRA_PINNED.md
 mode change 100644 => 100755 MEMORY.md
 mode change 100644 => 100755 NOTION.md
 mode change 100644 => 100755 NOX_CHECKLIST.md
 mode change 100644 => 100755 PB-notion-dedup-by-title.md
 mode change 100644 => 100755 PB-server-health-snapshot.md
 mode change 100644 => 100755 PB-zombie-process-triage.md
 mode change 100644 => 100755 PROMPT_gog_copy_persist.md
 mode change 100644 => 100755 Playbook - Modell-Zuweisung.md
 mode change 100644 => 100755 SOUL.md
 mode change 100644 => 100755 TASKS.md
 mode change 100644 => 100755 TOOLS.md
 mode change 100644 => 100755 USER.md
 mode change 100644 => 100755 approval_gate.js
 mode change 100644 => 100755 documents/Businessplan_Alexander_Lapizky_2025-12-01.txt
 mode change 100644 => 100755 downloads/n8n-workflows-2026-02-24T10-48-28Z.tar.gz
 mode change 100644 => 100755 heartbeat/LESSONS_LEARNED.md
 mode change 100644 => 100755 heartbeat/README.md
 mode change 100644 => 100755 heartbeat/heartbeat.sh
 mode change 100644 => 100755 heartbeat/heartbeat_state.json
 mode change 100644 => 100755 home/agentadmin/.openclaw/workspace/MEMORY.md
 mode change 100644 => 100755 logs/backups/2026-02-24T10-44-49Z.log
 mode change 100644 => 100755 logs/backups/2026-02-24T11-17-01Z.log
 mode change 100644 => 100755 logs/backups/2026-02-24T12-17-01Z.log
 mode change 100644 => 100755 logs/backups/2026-02-24T13-17-01Z.log
 mode change 100644 => 100755 logs/backups/2026-02-24T14-17-01Z.log
 mode change 100644 => 100755 logs/backups/2026-02-24T15-17-01Z.log
 mode change 100644 => 100755 logs/backups/2026-02-24T16-17-01Z.log
 mode change 100644 => 100755 logs/backups/2026-02-24T17-17-01Z.log
 mode change 100644 => 100755 logs/backups/2026-02-24T18-17-01Z.log
 mode change 100644 => 100755 logs/backups/2026-02-24T19-17-01Z.log
 mode change 100644 => 100755 logs/backups/2026-02-24T20-17-01Z.log
 mode change 100644 => 100755 logs/backups/2026-02-24T21-17-01Z.log
 mode change 100644 => 100755 logs/backups/2026-02-24T22-17-01Z.log
 mode change 100644 => 100755 logs/backups/2026-02-24T23-17-01Z.log
 mode change 100644 => 100755 logs/backups/2026-02-25T00-17-01Z.log
 mode change 100644 => 100755 logs/backups/2026-02-25T01-17-01Z.log
 mode change 100644 => 100755 logs/backups/2026-02-25T02-17-01Z.log
 mode change 100644 => 100755 logs/backups/2026-02-25T03-17-01Z.log
 mode change 100644 => 100755 logs/backups/2026-02-25T04-17-01Z.log
 mode change 100644 => 100755 logs/backups/2026-02-25T05-17-01Z.log
 mode change 100644 => 100755 logs/backups/2026-02-25T06-17-01Z.log
 mode change 100644 => 100755 logs/backups/2026-02-25T07-17-01Z.log
 mode change 100644 => 100755 logs/backups/2026-02-25T08-17-01Z.log
 mode change 100644 => 100755 logs/backups/2026-02-25T09-17-01Z.log
 mode change 100644 => 100755 logs/backups/2026-02-25T10-17-01Z.log
 mode change 100644 => 100755 logs/backups/2026-02-25T11-17-01Z.log
 mode change 100644 => 100755 logs/backups/2026-02-25T12-17-02Z.log
 mode change 100644 => 100755 logs/backups/2026-02-25T13-17-01Z.log
 mode change 100644 => 100755 logs/backups/2026-02-25T14-17-01Z.log
 mode change 100644 => 100755 logs/backups/2026-02-25T15-17-01Z.log
 mode change 100644 => 100755 logs/backups/2026-02-25T16-17-01Z.log
 mode change 100644 => 100755 logs/backups/2026-02-25T17-17-01Z.log
 mode change 100644 => 100755 logs/backups/2026-02-25T18-17-01Z.log
 mode change 100644 => 100755 logs/backups/2026-02-25T19-17-01Z.log
 mode change 100644 => 100755 logs/backups/2026-02-25T20-17-01Z.log
 mode change 100644 => 100755 logs/backups/2026-02-25T21-17-01Z.log
 mode change 100644 => 100755 logs/backups/2026-02-25T22-17-01Z.log
 mode change 100644 => 100755 logs/backups/2026-02-25T23-17-01Z.log
 mode change 100644 => 100755 logs/backups/2026-02-26T00-17-01Z.log
 mode change 100644 => 100755 logs/backups/2026-02-26T01-17-01Z.log
 mode change 100644 => 100755 logs/backups/2026-02-26T02-17-01Z.log
 mode change 100644 => 100755 logs/backups/2026-02-26T03-17-01Z.log
 mode change 100644 => 100755 logs/backups/2026-02-26T04-17-01Z.log
 mode change 100644 => 100755 logs/backups/2026-02-26T05-17-01Z.log
 mode change 100644 => 100755 logs/backups/2026-02-26T06-17-01Z.log
 mode change 100644 => 100755 logs/backups/2026-02-26T07-17-02Z.log
 mode change 100644 => 100755 logs/backups/2026-02-26T08-17-01Z.log
 mode change 100644 => 100755 logs/backups/2026-02-26T09-17-01Z.log
 mode change 100644 => 100755 logs/backups/2026-02-26T10-17-01Z.log
 mode change 100644 => 100755 logs/backups/2026-02-26T11-17-01Z.log
 mode change 100644 => 100755 logs/backups/2026-02-26T12-17-01Z.log
 mode change 100644 => 100755 logs/backups/2026-02-26T13-17-01Z.log
 mode change 100644 => 100755 logs/backups/2026-02-26T14-17-01Z.log
 mode change 100644 => 100755 logs/backups/2026-02-26T15-17-01Z.log
 create mode 100644 logs/backups/2026-02-26T16-17-01Z.log
 mode change 100644 => 100755 logs/backups/workspace-backup-2026-02-24T10-44-49Z.tar.gz
 mode change 100644 => 100755 logs/backups/workspace-backup-2026-02-24T11-17-01Z.tar.gz
 mode change 100644 => 100755 logs/backups/workspace-backup-2026-02-24T12-17-01Z.tar.gz
 mode change 100644 => 100755 logs/backups/workspace-backup-2026-02-24T13-17-01Z.tar.gz
 mode change 100644 => 100755 logs/backups/workspace-backup-2026-02-24T14-17-01Z.tar.gz
 mode change 100644 => 100755 logs/backups/workspace-backup-2026-02-24T16-17-01Z.tar.gz
 mode change 100644 => 100755 logs/backups/workspace-backup-2026-02-24T17-17-01Z.tar.gz
 mode change 100644 => 100755 logs/backups/workspace-backup-2026-02-24T18-17-01Z.tar.gz
 mode change 100644 => 100755 logs/backups/workspace-backup-2026-02-24T19-17-01Z.tar.gz
 mode change 100644 => 100755 logs/backups/workspace-backup-2026-02-24T20-17-01Z.tar.gz
 mode change 100644 => 100755 logs/backups/workspace-backup-2026-02-24T21-17-01Z.tar.gz
 mode change 100644 => 100755 logs/backups/workspace-backup-2026-02-24T22-17-01Z.tar.gz
 mode change 100644 => 100755 logs/backups/workspace-backup-2026-02-24T23-17-01Z.tar.gz
 mode change 100644 => 100755 logs/backups/workspace-backup-2026-02-25T00-17-01Z.tar.gz
 mode change 100644 => 100755 logs/backups/workspace-backup-2026-02-25T01-17-01Z.tar.gz
 mode change 100644 => 100755 logs/backups/workspace-backup-2026-02-25T02-17-01Z.tar.gz
 mode change 100644 => 100755 logs/backups/workspace-backup-2026-02-25T03-17-01Z.tar.gz
 mode change 100644 => 100755 logs/backups/workspace-backup-2026-02-25T04-17-01Z.tar.gz
 mode change 100644 => 100755 logs/backups/workspace-backup-2026-02-25T05-17-01Z.tar.gz
 mode change 100644 => 100755 logs/backups/workspace-backup-2026-02-25T06-17-01Z.tar.gz
 mode change 100644 => 100755 logs/backups/workspace-backup-2026-02-25T07-17-01Z.tar.gz
 mode change 100644 => 100755 logs/backups/workspace-backup-2026-02-25T08-17-01Z.tar.gz
 mode change 100644 => 100755 logs/backups/workspace-backup-2026-02-25T09-17-01Z.tar.gz
 mode change 100644 => 100755 logs/backups/workspace-backup-2026-02-25T10-17-01Z.tar.gz
 mode change 100644 => 100755 logs/backups/workspace-backup-2026-02-25T11-17-01Z.tar.gz
 mode change 100644 => 100755 logs/backups/workspace-backup-2026-02-25T12-17-02Z.tar.gz
 mode change 100644 => 100755 logs/backups/workspace-backup-2026-02-25T13-17-01Z.tar.gz
 mode change 100644 => 100755 logs/backups/workspace-backup-2026-02-25T14-17-01Z.tar.gz
 mode change 100644 => 100755 logs/backups/workspace-backup-2026-02-25T15-17-01Z.tar.gz
 mode change 100644 => 100755 logs/backups/workspace-backup-2026-02-25T16-17-01Z.tar.gz
 mode change 100644 => 100755 logs/backups/workspace-backup-2026-02-25T17-17-01Z.tar.gz
 mode change 100644 => 100755 logs/backups/workspace-backup-2026-02-25T18-17-01Z.tar.gz
 mode change 100644 => 100755 logs/backups/workspace-backup-2026-02-25T19-17-01Z.tar.gz
 mode change 100644 => 100755 logs/backups/workspace-backup-2026-02-25T21-17-01Z.tar.gz
 mode change 100644 => 100755 logs/backups/workspace-backup-2026-02-25T22-17-01Z.tar.gz
 mode change 100644 => 100755 logs/backups/workspace-backup-2026-02-25T23-17-01Z.tar.gz
 mode change 100644 => 100755 logs/backups/workspace-backup-2026-02-26T00-17-01Z.tar.gz
 mode change 100644 => 100755 logs/backups/workspace-backup-2026-02-26T01-17-01Z.tar.gz
 mode change 100644 => 100755 logs/backups/workspace-backup-2026-02-26T02-17-01Z.tar.gz
 mode change 100644 => 100755 logs/backups/workspace-backup-2026-02-26T03-17-01Z.tar.gz
 mode change 100644 => 100755 logs/backups/workspace-backup-2026-02-26T04-17-01Z.tar.gz
 mode change 100644 => 100755 logs/backups/workspace-backup-2026-02-26T05-17-01Z.tar.gz
 mode change 100644 => 100755 logs/backups/workspace-backup-2026-02-26T06-17-01Z.tar.gz
 mode change 100644 => 100755 logs/backups/workspace-backup-2026-02-26T07-17-02Z.tar.gz
 mode change 100644 => 100755 logs/backups/workspace-backup-2026-02-26T08-17-01Z.tar.gz
 mode change 100644 => 100755 logs/backups/workspace-backup-2026-02-26T09-17-01Z.tar.gz
 mode change 100644 => 100755 logs/backups/workspace-backup-2026-02-26T10-17-01Z.tar.gz
 mode change 100644 => 100755 logs/backups/workspace-backup-2026-02-26T11-17-01Z.tar.gz
 mode change 100644 => 100755 logs/backups/workspace-backup-2026-02-26T12-17-01Z.tar.gz
 mode change 100644 => 100755 logs/backups/workspace-backup-2026-02-26T13-17-01Z.tar.gz
 mode change 100644 => 100755 logs/backups/workspace-backup-2026-02-26T14-17-01Z.tar.gz
 create mode 100755 logs/backups/workspace-backup-2026-02-26T15-17-01Z.tar.gz
 mode change 100644 => 100755 logs/cost-tracker/2026-02-24T10-36-16Z.json
 mode change 100644 => 100755 logs/cost-tracker/index.jsonl
 mode change 100644 => 100755 logs/cost-tracker/latest.json
 mode change 100644 => 100755 logs/todoist-hourly-sync.log
 mode change 100644 => 100755 mail.txt
 mode change 100644 => 100755 memory/2026-02-20.md
 mode change 100644 => 100755 memory/2026-02-22.md
 mode change 100644 => 100755 memory/2026-02-24.md
 mode change 100644 => 100755 memory/2026-02-25.md
 mode change 100644 => 100755 memory/PB-notion-dedup-by-title.md
 mode change 100644 => 100755 memory/Vault/PB-notion-dedup-by-title.md
 mode change 100644 => 100755 memory/YYYY-MM-DD.md
 mode change 100644 => 100755 memory/agent-quests.json
 mode change 100644 => 100755 memory/backup-alert.flag
 mode change 100644 => 100755 memory/infra-state.json
 mode change 100644 => 100755 memory/notion_todoist_map.json
 mode change 100644 => 100755 memory/staging/PB-notion-dedup-by-title.md
 mode change 100644 => 100755 memory_system/README.md
 mode change 100644 => 100755 memory_system/memory.db
 mode change 100644 => 100755 node_modules/.package-lock.json
 mode change 100644 => 100755 node_modules/asynckit/LICENSE
 mode change 100644 => 100755 node_modules/asynckit/README.md
 mode change 100644 => 100755 node_modules/asynckit/bench.js
 mode change 100644 => 100755 node_modules/asynckit/index.js
 mode change 100644 => 100755 node_modules/asynckit/lib/abort.js
 mode change 100644 => 100755 node_modules/asynckit/lib/async.js
 mode change 100644 => 100755 node_modules/asynckit/lib/defer.js
 mode change 100644 => 100755 node_modules/asynckit/lib/iterate.js
 mode change 100644 => 100755 node_modules/asynckit/lib/readable_asynckit.js
 mode change 100644 => 100755 node_modules/asynckit/lib/readable_parallel.js
 mode change 100644 => 100755 node_modules/asynckit/lib/readable_serial.js
 mode change 100644 => 100755 node_modules/asynckit/lib/readable_serial_ordered.js
 mode change 100644 => 100755 node_modules/asynckit/lib/state.js
 mode change 100644 => 100755 node_modules/asynckit/lib/streamify.js
 mode change 100644 => 100755 node_modules/asynckit/lib/terminator.js
 mode change 100644 => 100755 node_modules/asynckit/package.json
 mode change 100644 => 100755 node_modules/asynckit/parallel.js
 mode change 100644 => 100755 node_modules/asynckit/serial.js
 mode change 100644 => 100755 node_modules/asynckit/serialOrdered.js
 mode change 100644 => 100755 node_modules/asynckit/stream.js
 mode change 100644 => 100755 node_modules/axios/CHANGELOG.md
 mode change 100644 => 100755 node_modules/axios/LICENSE
 mode change 100644 => 100755 node_modules/axios/MIGRATION_GUIDE.md
 mode change 100644 => 100755 node_modules/axios/README.md
 mode change 100644 => 100755 node_modules/axios/dist/axios.js
 mode change 100644 => 100755 node_modules/axios/dist/axios.js.map
 mode change 100644 => 100755 node_modules/axios/dist/axios.min.js
 mode change 100644 => 100755 node_modules/axios/dist/axios.min.js.map
 mode change 100644 => 100755 node_modules/axios/dist/browser/axios.cjs
 mode change 100644 => 100755 node_modules/axios/dist/browser/axios.cjs.map
 mode change 100644 => 100755 node_modules/axios/dist/esm/axios.js
 mode change 100644 => 100755 node_modules/axios/dist/esm/axios.js.map
 mode change 100644 => 100755 node_modules/axios/dist/esm/axios.min.js
 mode change 100644 => 100755 node_modules/axios/dist/esm/axios.min.js.map
 mode change 100644 => 100755 node_modules/axios/dist/node/axios.cjs
 mode change 100644 => 100755 node_modules/axios/dist/node/axios.cjs.map
 mode change 100644 => 100755 node_modules/axios/index.d.cts
 mode change 100644 => 100755 node_modules/axios/index.d.ts
 mode change 100644 => 100755 node_modules/axios/index.js
 mode change 100644 => 100755 node_modules/axios/lib/adapters/README.md
 mode change 100644 => 100755 node_modules/axios/lib/adapters/adapters.js
 mode change 100644 => 100755 node_modules/axios/lib/adapters/fetch.js
 mode change 100644 => 100755 node_modules/axios/lib/adapters/xhr.js
 mode change 100644 => 100755 node_modules/axios/lib/axios.js
 mode change 100644 => 100755 node_modules/axios/lib/cancel/CancelToken.js
 mode change 100644 => 100755 node_modules/axios/lib/cancel/CanceledError.js
 mode change 100644 => 100755 node_modules/axios/lib/cancel/isCancel.js
 mode change 100644 => 100755 node_modules/axios/lib/core/Axios.js
 mode change 100644 => 100755 node_modules/axios/lib/core/AxiosError.js
 mode change 100644 => 100755 node_modules/axios/lib/core/AxiosHeaders.js
 mode change 100644 => 100755 node_modules/axios/lib/core/InterceptorManager.js
 mode change 100644 => 100755 node_modules/axios/lib/core/README.md
 mode change 100644 => 100755 node_modules/axios/lib/core/buildFullPath.js
 mode change 100644 => 100755 node_modules/axios/lib/core/dispatchRequest.js
 mode change 100644 => 100755 node_modules/axios/lib/core/mergeConfig.js
 mode change 100644 => 100755 node_modules/axios/lib/core/settle.js
 mode change 100644 => 100755 node_modules/axios/lib/core/transformData.js
 mode change 100644 => 100755 node_modules/axios/lib/defaults/index.js
 mode change 100644 => 100755 node_modules/axios/lib/defaults/transitional.js
 mode change 100644 => 100755 node_modules/axios/lib/env/README.md
 mode change 100644 => 100755 node_modules/axios/lib/env/classes/FormData.js
 mode change 100644 => 100755 node_modules/axios/lib/env/data.js
 mode change 100644 => 100755 node_modules/axios/lib/helpers/AxiosTransformStream.js
 mode change 100644 => 100755 node_modules/axios/lib/helpers/AxiosURLSearchParams.js
 mode change 100644 => 100755 node_modules/axios/lib/helpers/HttpStatusCode.js
 mode change 100644 => 100755 node_modules/axios/lib/helpers/README.md
 mode change 100644 => 100755 node_modules/axios/lib/helpers/ZlibHeaderTransformStream.js
 mode change 100644 => 100755 node_modules/axios/lib/helpers/bind.js
 mode change 100644 => 100755 node_modules/axios/lib/helpers/buildURL.js
 mode change 100644 => 100755 node_modules/axios/lib/helpers/callbackify.js
 mode change 100644 => 100755 node_modules/axios/lib/helpers/combineURLs.js
 mode change 100644 => 100755 node_modules/axios/lib/helpers/composeSignals.js
 mode change 100644 => 100755 node_modules/axios/lib/helpers/cookies.js
 mode change 100644 => 100755 node_modules/axios/lib/helpers/deprecatedMethod.js
 mode change 100644 => 100755 node_modules/axios/lib/helpers/estimateDataURLDecodedBytes.js
 mode change 100644 => 100755 node_modules/axios/lib/helpers/formDataToJSON.js
 mode change 100644 => 100755 node_modules/axios/lib/helpers/formDataToStream.js
 mode change 100644 => 100755 node_modules/axios/lib/helpers/fromDataURI.js
 mode change 100644 => 100755 node_modules/axios/lib/helpers/isAbsoluteURL.js
 mode change 100644 => 100755 node_modules/axios/lib/helpers/isAxiosError.js
 mode change 100644 => 100755 node_modules/axios/lib/helpers/isURLSameOrigin.js
 mode change 100644 => 100755 node_modules/axios/lib/helpers/null.js
 mode change 100644 => 100755 node_modules/axios/lib/helpers/parseHeaders.js
 mode change 100644 => 100755 node_modules/axios/lib/helpers/parseProtocol.js
 mode change 100644 => 100755 node_modules/axios/lib/helpers/progressEventReducer.js
 mode change 100644 => 100755 node_modules/axios/lib/helpers/readBlob.js
 mode change 100644 => 100755 node_modules/axios/lib/helpers/resolveConfig.js
 mode change 100644 => 100755 node_modules/axios/lib/helpers/speedometer.js
 mode change 100644 => 100755 node_modules/axios/lib/helpers/spread.js
 mode change 100644 => 100755 node_modules/axios/lib/helpers/throttle.js
 mode change 100644 => 100755 node_modules/axios/lib/helpers/toFormData.js
 mode change 100644 => 100755 node_modules/axios/lib/helpers/toURLEncodedForm.js
 mode change 100644 => 100755 node_modules/axios/lib/helpers/trackStream.js
 mode change 100644 => 100755 node_modules/axios/lib/helpers/validator.js
 mode change 100644 => 100755 node_modules/axios/lib/platform/browser/classes/Blob.js
 mode change 100644 => 100755 node_modules/axios/lib/platform/browser/classes/FormData.js
 mode change 100644 => 100755 node_modules/axios/lib/platform/browser/classes/URLSearchParams.js
 mode change 100644 => 100755 node_modules/axios/lib/platform/browser/index.js
 mode change 100644 => 100755 node_modules/axios/lib/platform/common/utils.js
 mode change 100644 => 100755 node_modules/axios/lib/platform/index.js
 mode change 100644 => 100755 node_modules/axios/lib/platform/node/classes/FormData.js
 mode change 100644 => 100755 node_modules/axios/lib/platform/node/classes/URLSearchParams.js
 mode change 100644 => 100755 node_modules/axios/lib/platform/node/index.js
 mode change 100644 => 100755 node_modules/axios/lib/utils.js
 mode change 100644 => 100755 node_modules/axios/package.json
 mode change 100644 => 100755 node_modules/call-bind-apply-helpers/.eslintrc
 mode change 100644 => 100755 node_modules/call-bind-apply-helpers/.github/FUNDING.yml
 mode change 100644 => 100755 node_modules/call-bind-apply-helpers/.nycrc
 mode change 100644 => 100755 node_modules/call-bind-apply-helpers/CHANGELOG.md
 mode change 100644 => 100755 node_modules/call-bind-apply-helpers/LICENSE
 mode change 100644 => 100755 node_modules/call-bind-apply-helpers/README.md
 mode change 100644 => 100755 node_modules/call-bind-apply-helpers/actualApply.d.ts
 mode change 100644 => 100755 node_modules/call-bind-apply-helpers/actualApply.js
 mode change 100644 => 100755 node_modules/call-bind-apply-helpers/applyBind.d.ts
 mode change 100644 => 100755 node_modules/call-bind-apply-helpers/applyBind.js
 mode change 100644 => 100755 node_modules/call-bind-apply-helpers/functionApply.d.ts
 mode change 100644 => 100755 node_modules/call-bind-apply-helpers/functionApply.js
 mode change 100644 => 100755 node_modules/call-bind-apply-helpers/functionCall.d.ts
 mode change 100644 => 100755 node_modules/call-bind-apply-helpers/functionCall.js
 mode change 100644 => 100755 node_modules/call-bind-apply-helpers/index.d.ts
 mode change 100644 => 100755 node_modules/call-bind-apply-helpers/index.js
 mode change 100644 => 100755 node_modules/call-bind-apply-helpers/package.json
 mode change 100644 => 100755 node_modules/call-bind-apply-helpers/reflectApply.d.ts
 mode change 100644 => 100755 node_modules/call-bind-apply-helpers/reflectApply.js
 mode change 100644 => 100755 node_modules/call-bind-apply-helpers/test/index.js
 mode change 100644 => 100755 node_modules/call-bind-apply-helpers/tsconfig.json
 mode change 100644 => 100755 node_modules/combined-stream/License
 mode change 100644 => 100755 node_modules/combined-stream/Readme.md
 mode change 100644 => 100755 node_modules/combined-stream/lib/combined_stream.js
 mode change 100644 => 100755 node_modules/combined-stream/package.json
 mode change 100644 => 100755 node_modules/combined-stream/yarn.lock
 mode change 100644 => 100755 node_modules/delayed-stream/.npmignore
 mode change 100644 => 100755 node_modules/delayed-stream/License
 mode change 100644 => 100755 node_modules/delayed-stream/Makefile
 mode change 100644 => 100755 node_modules/delayed-stream/Readme.md
 mode change 100644 => 100755 node_modules/delayed-stream/lib/delayed_stream.js
 mode change 100644 => 100755 node_modules/delayed-stream/package.json
 mode change 100644 => 100755 node_modules/dunder-proto/.eslintrc
 mode change 100644 => 100755 node_modules/dunder-proto/.github/FUNDING.yml
 mode change 100644 => 100755 node_modules/dunder-proto/.nycrc
 mode change 100644 => 100755 node_modules/dunder-proto/CHANGELOG.md
 mode change 100644 => 100755 node_modules/dunder-proto/LICENSE
 mode change 100644 => 100755 node_modules/dunder-proto/README.md
 mode change 100644 => 100755 node_modules/dunder-proto/get.d.ts
 mode change 100644 => 100755 node_modules/dunder-proto/get.js
 mode change 100644 => 100755 node_modules/dunder-proto/package.json
 mode change 100644 => 100755 node_modules/dunder-proto/set.d.ts
 mode change 100644 => 100755 node_modules/dunder-proto/set.js
 mode change 100644 => 100755 node_modules/dunder-proto/test/get.js
 mode change 100644 => 100755 node_modules/dunder-proto/test/index.js
 mode change 100644 => 100755 node_modules/dunder-proto/test/set.js
 mode change 100644 => 100755 node_modules/dunder-proto/tsconfig.json
 mode change 100644 => 100755 node_modules/es-define-property/.eslintrc
 mode change 100644 => 100755 node_modules/es-define-property/.github/FUNDING.yml
 mode change 100644 => 100755 node_modules/es-define-property/.nycrc
 mode change 100644 => 100755 node_modules/es-define-property/CHANGELOG.md
 mode change 100644 => 100755 node_modules/es-define-property/LICENSE
 mode change 100644 => 100755 node_modules/es-define-property/README.md
 mode change 100644 => 100755 node_modules/es-define-property/index.d.ts
 mode change 100644 => 100755 node_modules/es-define-property/index.js
 mode change 100644 => 100755 node_modules/es-define-property/package.json
 mode change 100644 => 100755 node_modules/es-define-property/test/index.js
 mode change 100644 => 100755 node_modules/es-define-property/tsconfig.json
 mode change 100644 => 100755 node_modules/es-errors/.eslintrc
 mode change 100644 => 100755 node_modules/es-errors/.github/FUNDING.yml
 mode change 100644 => 100755 node_modules/es-errors/CHANGELOG.md
 mode change 100644 => 100755 node_modules/es-errors/LICENSE
 mode change 100644 => 100755 node_modules/es-errors/README.md
 mode change 100644 => 100755 node_modules/es-errors/eval.d.ts
 mode change 100644 => 100755 node_modules/es-errors/eval.js
 mode change 100644 => 100755 node_modules/es-errors/index.d.ts
 mode change 100644 => 100755 node_modules/es-errors/index.js
 mode change 100644 => 100755 node_modules/es-errors/package.json
 mode change 100644 => 100755 node_modules/es-errors/range.d.ts
 mode change 100644 => 100755 node_modules/es-errors/range.js
 mode change 100644 => 100755 node_modules/es-errors/ref.d.ts
 mode change 100644 => 100755 node_modules/es-errors/ref.js
 mode change 100644 => 100755 node_modules/es-errors/syntax.d.ts
 mode change 100644 => 100755 node_modules/es-errors/syntax.js
 mode change 100644 => 100755 node_modules/es-errors/test/index.js
 mode change 100644 => 100755 node_modules/es-errors/tsconfig.json
 mode change 100644 => 100755 node_modules/es-errors/type.d.ts
 mode change 100644 => 100755 node_modules/es-errors/type.js
 mode change 100644 => 100755 node_modules/es-errors/uri.d.ts
 mode change 100644 => 100755 node_modules/es-errors/uri.js
 mode change 100644 => 100755 node_modules/es-object-atoms/.eslintrc
 mode change 100644 => 100755 node_modules/es-object-atoms/.github/FUNDING.yml
 mode change 100644 => 100755 node_modules/es-object-atoms/CHANGELOG.md
 mode change 100644 => 100755 node_modules/es-object-atoms/LICENSE
 mode change 100644 => 100755 node_modules/es-object-atoms/README.md
 mode change 100644 => 100755 node_modules/es-object-atoms/RequireObjectCoercible.d.ts
 mode change 100644 => 100755 node_modules/es-object-atoms/RequireObjectCoercible.js
 mode change 100644 => 100755 node_modules/es-object-atoms/ToObject.d.ts
 mode change 100644 => 100755 node_modules/es-object-atoms/ToObject.js
 mode change 100644 => 100755 node_modules/es-object-atoms/index.d.ts
 mode change 100644 => 100755 node_modules/es-object-atoms/index.js
 mode change 100644 => 100755 node_modules/es-object-atoms/isObject.d.ts
 mode change 100644 => 100755 node_modules/es-object-atoms/isObject.js
 mode change 100644 => 100755 node_modules/es-object-atoms/package.json
 mode change 100644 => 100755 node_modules/es-object-atoms/test/index.js
 mode change 100644 => 100755 node_modules/es-object-atoms/tsconfig.json
 mode change 100644 => 100755 node_modules/es-set-tostringtag/.eslintrc
 mode change 100644 => 100755 node_modules/es-set-tostringtag/.nycrc
 mode change 100644 => 100755 node_modules/es-set-tostringtag/CHANGELOG.md
 mode change 100644 => 100755 node_modules/es-set-tostringtag/LICENSE
 mode change 100644 => 100755 node_modules/es-set-tostringtag/README.md
 mode change 100644 => 100755 node_modules/es-set-tostringtag/index.d.ts
 mode change 100644 => 100755 node_modules/es-set-tostringtag/index.js
 mode change 100644 => 100755 node_modules/es-set-tostringtag/package.json
 mode change 100644 => 100755 node_modules/es-set-tostringtag/test/index.js
 mode change 100644 => 100755 node_modules/es-set-tostringtag/tsconfig.json
 mode change 100644 => 100755 node_modules/follow-redirects/LICENSE
 mode change 100644 => 100755 node_modules/follow-redirects/README.md
 mode change 100644 => 100755 node_modules/follow-redirects/debug.js
 mode change 100644 => 100755 node_modules/follow-redirects/http.js
 mode change 100644 => 100755 node_modules/follow-redirects/https.js
 mode change 100644 => 100755 node_modules/follow-redirects/index.js
 mode change 100644 => 100755 node_modules/follow-redirects/package.json
 mode change 100644 => 100755 node_modules/form-data/CHANGELOG.md
 mode change 100644 => 100755 node_modules/form-data/License
 mode change 100644 => 100755 node_modules/form-data/README.md
 mode change 100644 => 100755 node_modules/form-data/index.d.ts
 mode change 100644 => 100755 node_modules/form-data/lib/browser.js
 mode change 100644 => 100755 node_modules/form-data/lib/form_data.js
 mode change 100644 => 100755 node_modules/form-data/lib/populate.js
 mode change 100644 => 100755 node_modules/form-data/package.json
 mode change 100644 => 100755 node_modules/function-bind/.eslintrc
 mode change 100644 => 100755 node_modules/function-bind/.github/FUNDING.yml
 mode change 100644 => 100755 node_modules/function-bind/.github/SECURITY.md
 mode change 100644 => 100755 node_modules/function-bind/.nycrc
 mode change 100644 => 100755 node_modules/function-bind/CHANGELOG.md
 mode change 100644 => 100755 node_modules/function-bind/LICENSE
 mode change 100644 => 100755 node_modules/function-bind/README.md
 mode change 100644 => 100755 node_modules/function-bind/implementation.js
 mode change 100644 => 100755 node_modules/function-bind/index.js
 mode change 100644 => 100755 node_modules/function-bind/package.json
 mode change 100644 => 100755 node_modules/function-bind/test/.eslintrc
 mode change 100644 => 100755 node_modules/function-bind/test/index.js
 mode change 100644 => 100755 node_modules/get-intrinsic/.eslintrc
 mode change 100644 => 100755 node_modules/get-intrinsic/.github/FUNDING.yml
 mode change 100644 => 100755 node_modules/get-intrinsic/.nycrc
 mode change 100644 => 100755 node_modules/get-intrinsic/CHANGELOG.md
 mode change 100644 => 100755 node_modules/get-intrinsic/LICENSE
 mode change 100644 => 100755 node_modules/get-intrinsic/README.md
 mode change 100644 => 100755 node_modules/get-intrinsic/index.js
 mode change 100644 => 100755 node_modules/get-intrinsic/package.json
 mode change 100644 => 100755 node_modules/get-intrinsic/test/GetIntrinsic.js
 mode change 100644 => 100755 node_modules/get-proto/.eslintrc
 mode change 100644 => 100755 node_modules/get-proto/.github/FUNDING.yml
 mode change 100644 => 100755 node_modules/get-proto/.nycrc
 mode change 100644 => 100755 node_modules/get-proto/CHANGELOG.md
 mode change 100644 => 100755 node_modules/get-proto/LICENSE
 mode change 100644 => 100755 node_modules/get-proto/Object.getPrototypeOf.d.ts
 mode change 100644 => 100755 node_modules/get-proto/Object.getPrototypeOf.js
 mode change 100644 => 100755 node_modules/get-proto/README.md
 mode change 100644 => 100755 node_modules/get-proto/Reflect.getPrototypeOf.d.ts
 mode change 100644 => 100755 node_modules/get-proto/Reflect.getPrototypeOf.js
 mode change 100644 => 100755 node_modules/get-proto/index.d.ts
 mode change 100644 => 100755 node_modules/get-proto/index.js
 mode change 100644 => 100755 node_modules/get-proto/package.json
 mode change 100644 => 100755 node_modules/get-proto/test/index.js
 mode change 100644 => 100755 node_modules/get-proto/tsconfig.json
 mode change 100644 => 100755 node_modules/gopd/.eslintrc
 mode change 100644 => 100755 node_modules/gopd/.github/FUNDING.yml
 mode change 100644 => 100755 node_modules/gopd/CHANGELOG.md
 mode change 100644 => 100755 node_modules/gopd/LICENSE
 mode change 100644 => 100755 node_modules/gopd/README.md
 mode change 100644 => 100755 node_modules/gopd/gOPD.d.ts
 mode change 100644 => 100755 node_modules/gopd/gOPD.js
 mode change 100644 => 100755 node_modules/gopd/index.d.ts
 mode change 100644 => 100755 node_modules/gopd/index.js
 mode change 100644 => 100755 node_modules/gopd/package.json
 mode change 100644 => 100755 node_modules/gopd/test/index.js
 mode change 100644 => 100755 node_modules/gopd/tsconfig.json
 mode change 100644 => 100755 node_modules/has-symbols/.eslintrc
 mode change 100644 => 100755 node_modules/has-symbols/.github/FUNDING.yml
 mode change 100644 => 100755 node_modules/has-symbols/.nycrc
 mode change 100644 => 100755 node_modules/has-symbols/CHANGELOG.md
 mode change 100644 => 100755 node_modules/has-symbols/LICENSE
 mode change 100644 => 100755 node_modules/has-symbols/README.md
 mode change 100644 => 100755 node_modules/has-symbols/index.d.ts
 mode change 100644 => 100755 node_modules/has-symbols/index.js
 mode change 100644 => 100755 node_modules/has-symbols/package.json
 mode change 100644 => 100755 node_modules/has-symbols/shams.d.ts
 mode change 100644 => 100755 node_modules/has-symbols/shams.js
 mode change 100644 => 100755 node_modules/has-symbols/test/index.js
 mode change 100644 => 100755 node_modules/has-symbols/test/shams/core-js.js
 mode change 100644 => 100755 node_modules/has-symbols/test/shams/get-own-property-symbols.js
 mode change 100644 => 100755 node_modules/has-symbols/test/tests.js
 mode change 100644 => 100755 node_modules/has-symbols/tsconfig.json
 mode change 100644 => 100755 node_modules/has-tostringtag/.eslintrc
 mode change 100644 => 100755 node_modules/has-tostringtag/.github/FUNDING.yml
 mode change 100644 => 100755 node_modules/has-tostringtag/.nycrc
 mode change 100644 => 100755 node_modules/has-tostringtag/CHANGELOG.md
 mode change 100644 => 100755 node_modules/has-tostringtag/LICENSE
 mode change 100644 => 100755 node_modules/has-tostringtag/README.md
 mode change 100644 => 100755 node_modules/has-tostringtag/index.d.ts
 mode change 100644 => 100755 node_modules/has-tostringtag/index.js
 mode change 100644 => 100755 node_modules/has-tostringtag/package.json
 mode change 100644 => 100755 node_modules/has-tostringtag/shams.d.ts
 mode change 100644 => 100755 node_modules/has-tostringtag/shams.js
 mode change 100644 => 100755 node_modules/has-tostringtag/test/index.js
 mode change 100644 => 100755 node_modules/has-tostringtag/test/shams/core-js.js
 mode change 100644 => 100755 node_modules/has-tostringtag/test/shams/get-own-property-symbols.js
 mode change 100644 => 100755 node_modules/has-tostringtag/test/tests.js
 mode change 100644 => 100755 node_modules/has-tostringtag/tsconfig.json
 mode change 100644 => 100755 node_modules/hasown/.eslintrc
 mode change 100644 => 100755 node_modules/hasown/.github/FUNDING.yml
 mode change 100644 => 100755 node_modules/hasown/.nycrc
 mode change 100644 => 100755 node_modules/hasown/CHANGELOG.md
 mode change 100644 => 100755 node_modules/hasown/LICENSE
 mode change 100644 => 100755 node_modules/hasown/README.md
 mode change 100644 => 100755 node_modules/hasown/index.d.ts
 mode change 100644 => 100755 node_modules/hasown/index.js
 mode change 100644 => 100755 node_modules/hasown/package.json
 mode change 100644 => 100755 node_modules/hasown/tsconfig.json
 mode change 100644 => 100755 node_modules/math-intrinsics/.eslintrc
 mode change 100644 => 100755 node_modules/math-intrinsics/.github/FUNDING.yml
 mode change 100644 => 100755 node_modules/math-intrinsics/CHANGELOG.md
 mode change 100644 => 100755 node_modules/math-intrinsics/LICENSE
 mode change 100644 => 100755 node_modules/math-intrinsics/README.md
 mode change 100644 => 100755 node_modules/math-intrinsics/abs.d.ts
 mode change 100644 => 100755 node_modules/math-intrinsics/abs.js
 mode change 100644 => 100755 node_modules/math-intrinsics/constants/maxArrayLength.d.ts
 mode change 100644 => 100755 node_modules/math-intrinsics/constants/maxArrayLength.js
 mode change 100644 => 100755 node_modules/math-intrinsics/constants/maxSafeInteger.d.ts
 mode change 100644 => 100755 node_modules/math-intrinsics/constants/maxSafeInteger.js
 mode change 100644 => 100755 node_modules/math-intrinsics/constants/maxValue.d.ts
 mode change 100644 => 100755 node_modules/math-intrinsics/constants/maxValue.js
 mode change 100644 => 100755 node_modules/math-intrinsics/floor.d.ts
 mode change 100644 => 100755 node_modules/math-intrinsics/floor.js
 mode change 100644 => 100755 node_modules/math-intrinsics/isFinite.d.ts
 mode change 100644 => 100755 node_modules/math-intrinsics/isFinite.js
 mode change 100644 => 100755 node_modules/math-intrinsics/isInteger.d.ts
 mode change 100644 => 100755 node_modules/math-intrinsics/isInteger.js
 mode change 100644 => 100755 node_modules/math-intrinsics/isNaN.d.ts
 mode change 100644 => 100755 node_modules/math-intrinsics/isNaN.js
 mode change 100644 => 100755 node_modules/math-intrinsics/isNegativeZero.d.ts
 mode change 100644 => 100755 node_modules/math-intrinsics/isNegativeZero.js
 mode change 100644 => 100755 node_modules/math-intrinsics/max.d.ts
 mode change 100644 => 100755 node_modules/math-intrinsics/max.js
 mode change 100644 => 100755 node_modules/math-intrinsics/min.d.ts
 mode change 100644 => 100755 node_modules/math-intrinsics/min.js
 mode change 100644 => 100755 node_modules/math-intrinsics/mod.d.ts
 mode change 100644 => 100755 node_modules/math-intrinsics/mod.js
 mode change 100644 => 100755 node_modules/math-intrinsics/package.json
 mode change 100644 => 100755 node_modules/math-intrinsics/pow.d.ts
 mode change 100644 => 100755 node_modules/math-intrinsics/pow.js
 mode change 100644 => 100755 node_modules/math-intrinsics/round.d.ts
 mode change 100644 => 100755 node_modules/math-intrinsics/round.js
 mode change 100644 => 100755 node_modules/math-intrinsics/sign.d.ts
 mode change 100644 => 100755 node_modules/math-intrinsics/sign.js
 mode change 100644 => 100755 node_modules/math-intrinsics/test/index.js
 mode change 100644 => 100755 node_modules/math-intrinsics/tsconfig.json
 mode change 100644 => 100755 node_modules/mime-db/HISTORY.md
 mode change 100644 => 100755 node_modules/mime-db/LICENSE
 mode change 100644 => 100755 node_modules/mime-db/README.md
 mode change 100644 => 100755 node_modules/mime-db/db.json
 mode change 100644 => 100755 node_modules/mime-db/index.js
 mode change 100644 => 100755 node_modules/mime-db/package.json
 mode change 100644 => 100755 node_modules/mime-types/HISTORY.md
 mode change 100644 => 100755 node_modules/mime-types/LICENSE
 mode change 100644 => 100755 node_modules/mime-types/README.md
 mode change 100644 => 100755 node_modules/mime-types/index.js
 mode change 100644 => 100755 node_modules/mime-types/package.json
 mode change 100644 => 100755 node_modules/notion/.npmignore
 mode change 100644 => 100755 node_modules/notion/README.md
 mode change 100644 => 100755 node_modules/notion/lib/crypt.js
 mode change 100644 => 100755 node_modules/notion/lib/index.js
 mode change 100644 => 100755 node_modules/notion/package.json
 mode change 100644 => 100755 node_modules/proxy-from-env/.eslintrc
 mode change 100644 => 100755 node_modules/proxy-from-env/.travis.yml
 mode change 100644 => 100755 node_modules/proxy-from-env/LICENSE
 mode change 100644 => 100755 node_modules/proxy-from-env/README.md
 mode change 100644 => 100755 node_modules/proxy-from-env/index.js
 mode change 100644 => 100755 node_modules/proxy-from-env/package.json
 mode change 100644 => 100755 node_modules/proxy-from-env/test.js
 mode change 100644 => 100755 nox_document.docx
 mode change 100644 => 100755 nox_document.txt
 mode change 100644 => 100755 package-lock.json
 mode change 100644 => 100755 package.json
 mode change 100644 => 100755 playbooks/INCIDENT-2026-02-25-gateway-offline.md
 mode change 100644 => 100755 playbooks/PB-agent-operating-system.md
 mode change 100644 => 100755 playbooks/PB-agent-quest-engine.md
 mode change 100644 => 100755 playbooks/PB-agenten-workspace-erstellen.md
 mode change 100644 => 100755 playbooks/PB-analytics-kampagnen-leads.md
 mode change 100644 => 100755 playbooks/PB-capabilities-and-integrations.md
 mode change 100644 => 100755 playbooks/PB-deploy-rollback.md
 mode change 100644 => 100755 playbooks/PB-error-validation.md
 mode change 100644 => 100755 playbooks/PB-evidence-gate-and-anti-hallucination.md
 mode change 100644 => 100755 playbooks/PB-gateway-recovery-and-ui-access.md
 mode change 100644 => 100755 playbooks/PB-incident-response.md
 mode change 100644 => 100755 playbooks/PB-integration-google-workspace-gog.md
 mode change 100644 => 100755 playbooks/PB-integration-leads-analytics.md
 mode change 100644 => 100755 playbooks/PB-integration-n8n.md
 mode change 100644 => 100755 playbooks/PB-integration-notion.md
 mode change 100644 => 100755 playbooks/PB-integration-todoist.md
 mode change 100644 => 100755 playbooks/PB-mission-control-dashboard-ops.md
 mode change 100644 => 100755 playbooks/PB-notion-dedup-by-title.md
 mode change 100644 => 100755 playbooks/PB-secrets-rotation-migration.md
 mode change 100644 => 100755 playbooks/access-links-inventory.md
 mode change 100644 => 100755 playbooks/architecture-current.md
 mode change 100644 => 100755 playbooks/blog-autopilot-approval-gate.md
 mode change 100644 => 100755 playbooks/colleague-pc-onboarding-plan.md
 mode change 100644 => 100755 playbooks/cost-tracking-openclaw.md
 mode change 100644 => 100755 playbooks/infra-baseline.md
 mode change 100644 => 100755 playbooks/n8n-campaign-evolution.md
 mode change 100644 => 100755 playbooks/quest2-backups.md
 mode change 100644 => 100755 playbooks/secrets-inventory-redacted.md
 mode change 100644 => 100755 questboard/index.html
 mode change 100644 => 100755 questboard/quests.json
 mode change 100644 => 100755 questboard/quests.json.lock
 mode change 100644 => 100755 questboard/quests_create.ts
 mode change 100644 => 100755 questboard/server.py
 mode change 100644 => 100755 redaction_function.js
 mode change 100644 => 100755 self_introspection_report.md
 mode change 100644 => 100755 skills/gog/.clawhub/origin.json
 mode change 100644 => 100755 skills/gog/SKILL.md
 mode change 100644 => 100755 skills/gog/_meta.json
 mode change 100644 => 100755 skills/memory_retriever/README.md
 mode change 100644 => 100755 skills/todoist/.clawhub/origin.json
 mode change 100644 => 100755 skills/todoist/SKILL.md
 mode change 100644 => 100755 skills/todoist/_meta.json
 mode change 100644 => 100755 systems/buchungsbot.md
 mode change 100644 => 100755 systems/whatsapp-bot.md
 mode change 100644 => 100755 tasks.md
 mode change 100644 => 100755 telegram_auto_reply.js
 mode change 100644 => 100755 telegram_config.json
 mode change 100644 => 100755 telegram_pipeline.js
 mode change 100644 => 100755 tmp_unit_secret_scan.txt
 mode change 100644 => 100755 workflows/Angle-Evaluator-v2-CashScore.json
 mode change 100644 => 100755 workflows/Lead-Handler-Reply-Sync.json
 mode change 100644 => 100755 workflows/OG-Scraper-NoWebsiteTrigger.json
To https://github.com/Finitolombardo/Nox.git
   0fb033c..f4a7885  main -> main
git push ok
archive created: /home/agentadmin/.openclaw/workspace/logs/backups/workspace-backup-2026-02-26T16-17-01Z.tar.gz
drive options: token source: get token for admin@alphamindhub.com: read token: aes.KeyUnwrap(): integrity check failed.
drive options: token source: get token for admin@alphamindhub.com: read token: aes.KeyUnwrap(): integrity check failed.
drive options: token source: get token for admin@alphamindhub.com: read token: aes.KeyUnwrap(): integrity check failed.
